prim 0 65536 1 0
0
1000
2000
3000
4000
5000
6000
7000
8000
9000
10000
11000
12000
13000
14000
15000
16000
17000
18000
19000
20000
21000
22000
23000
24000
25000
26000
27000
28000
29000
30000
31000
32000
33000
34000
35000
36000
37000
38000
39000
40000
41000
42000
43000
44000
45000
46000
47000
48000
49000
50000
51000
52000
53000
54000
55000
56000
57000
58000
59000
60000
61000
62000
63000
64000
65000

our tree weight: 7.389428
our average weight is: 7.389428

real	98m9.224s
user	20m58.558s
sys	29m40.488s
--
prim 0 65536 1 2
Yo! You suck!

real	0m0.044s
user	0m0.001s
sys	0m0.003s
--
prim 0 65536 1 3
